{"name":"hexo","hostname":"colin","pid":60508,"level":20,"msg":"Hexo version: \u001b[35m3.2.2\u001b[39m","time":"2016-09-28T08:21:48.426Z","v":0}
{"name":"hexo","hostname":"colin","pid":60508,"level":20,"msg":"Working directory: \u001b[35mD:\\nodejsProject\\hexo\\\u001b[39m","time":"2016-09-28T08:21:48.429Z","v":0}
{"name":"hexo","hostname":"colin","pid":60508,"level":20,"msg":"Config loaded: \u001b[35mD:\\nodejsProject\\hexo\\_config.yml\u001b[39m","time":"2016-09-28T08:21:48.587Z","v":0}
{"name":"hexo","hostname":"colin","pid":60508,"level":20,"msg":"Plugin loaded: \u001b[35mhexo-generator-archive\u001b[39m","time":"2016-09-28T08:21:48.605Z","v":0}
{"name":"hexo","hostname":"colin","pid":60508,"level":20,"msg":"Plugin loaded: \u001b[35mhexo-deployer-git\u001b[39m","time":"2016-09-28T08:21:48.608Z","v":0}
{"name":"hexo","hostname":"colin","pid":60508,"level":20,"msg":"Plugin loaded: \u001b[35mhexo-renderer-ejs\u001b[39m","time":"2016-09-28T08:21:48.614Z","v":0}
{"name":"hexo","hostname":"colin","pid":60508,"level":20,"msg":"Plugin loaded: \u001b[35mhexo-generator-tag\u001b[39m","time":"2016-09-28T08:21:48.616Z","v":0}
{"name":"hexo","hostname":"colin","pid":60508,"level":20,"msg":"Plugin loaded: \u001b[35mhexo-renderer-marked\u001b[39m","time":"2016-09-28T08:21:48.622Z","v":0}
{"name":"hexo","hostname":"colin","pid":60508,"level":20,"msg":"Plugin loaded: \u001b[35mhexo-renderer-stylus\u001b[39m","time":"2016-09-28T08:21:48.623Z","v":0}
{"name":"hexo","hostname":"colin","pid":60508,"level":20,"msg":"Plugin loaded: \u001b[35mhexo-generator-category\u001b[39m","time":"2016-09-28T08:21:48.626Z","v":0}
{"name":"hexo","hostname":"colin","pid":60508,"level":20,"msg":"Plugin loaded: \u001b[35mhexo-generator-index\u001b[39m","time":"2016-09-28T08:21:48.629Z","v":0}
{"name":"hexo","hostname":"colin","pid":60508,"level":20,"msg":"Plugin loaded: \u001b[35mhexo-server\u001b[39m","time":"2016-09-28T08:21:48.707Z","v":0}
{"name":"hexo","hostname":"colin","pid":60508,"level":20,"msg":"Script loaded: \u001b[35mthemes\\next\\scripts\\merge-configs.js\u001b[39m","time":"2016-09-28T08:21:48.709Z","v":0}
{"name":"hexo","hostname":"colin","pid":60508,"level":20,"msg":"Script loaded: \u001b[35mthemes\\next\\scripts\\tags\\center-quote.js\u001b[39m","time":"2016-09-28T08:21:48.709Z","v":0}
{"name":"hexo","hostname":"colin","pid":60508,"level":20,"msg":"Script loaded: \u001b[35mthemes\\next\\scripts\\tags\\full-image.js\u001b[39m","time":"2016-09-28T08:21:48.709Z","v":0}
{"name":"hexo","hostname":"colin","pid":60508,"level":20,"msg":"Script loaded: \u001b[35mthemes\\next\\scripts\\tags\\group-pictures.js\u001b[39m","time":"2016-09-28T08:21:48.710Z","v":0}
{"name":"hexo","hostname":"colin","pid":60508,"level":20,"msg":"Loading database.","time":"2016-09-28T08:21:48.717Z","v":0}
{"name":"hexo","hostname":"colin","pid":60508,"level":30,"msg":"Start processing","time":"2016-09-28T08:21:48.723Z","v":0}
{"name":"hexo","hostname":"colin","pid":60508,"level":20,"msg":"Theme config loaded.","time":"2016-09-28T08:21:48.805Z","v":0}
{"name":"hexo","hostname":"colin","pid":60508,"level":20,"msg":"Processed: \u001b[35m_config.yml\u001b[39m","time":"2016-09-28T08:21:48.806Z","v":0}
{"name":"hexo","hostname":"colin","pid":60508,"level":20,"msg":"Processed: \u001b[35msource/css/main.styl\u001b[39m","time":"2016-09-28T08:21:48.808Z","v":0}
{"name":"hexo","hostname":"colin","pid":60508,"level":20,"msg":"Processed: \u001b[35msource/images/avatar.gif\u001b[39m","time":"2016-09-28T08:21:48.809Z","v":0}
{"name":"hexo","hostname":"colin","pid":60508,"level":20,"msg":"Processed: \u001b[35msource/images/cc-by-nc-nd.svg\u001b[39m","time":"2016-09-28T08:21:48.809Z","v":0}
{"name":"hexo","hostname":"colin","pid":60508,"level":20,"msg":"Processed: \u001b[35msource/images/cc-by-nc-sa.svg\u001b[39m","time":"2016-09-28T08:21:48.810Z","v":0}
{"name":"hexo","hostname":"colin","pid":60508,"level":20,"msg":"Processed: \u001b[35msource/images/cc-by-nd.svg\u001b[39m","time":"2016-09-28T08:21:48.810Z","v":0}
{"name":"hexo","hostname":"colin","pid":60508,"level":20,"msg":"Processed: \u001b[35msource/images/cc-by-nc.svg\u001b[39m","time":"2016-09-28T08:21:48.811Z","v":0}
{"name":"hexo","hostname":"colin","pid":60508,"level":20,"msg":"Processed: \u001b[35msource/images/cc-by-sa.svg\u001b[39m","time":"2016-09-28T08:21:48.811Z","v":0}
{"name":"hexo","hostname":"colin","pid":60508,"level":20,"msg":"Processed: \u001b[35msource/images/loading.gif\u001b[39m","time":"2016-09-28T08:21:48.811Z","v":0}
{"name":"hexo","hostname":"colin","pid":60508,"level":20,"msg":"Processed: \u001b[35msource/images/cc-by.svg\u001b[39m","time":"2016-09-28T08:21:48.812Z","v":0}
{"name":"hexo","hostname":"colin","pid":60508,"level":20,"msg":"Processed: \u001b[35msource/images/cc-zero.svg\u001b[39m","time":"2016-09-28T08:21:48.812Z","v":0}
{"name":"hexo","hostname":"colin","pid":60508,"level":20,"msg":"Processed: \u001b[35msource/images/placeholder.gif\u001b[39m","time":"2016-09-28T08:21:48.813Z","v":0}
{"name":"hexo","hostname":"colin","pid":60508,"level":20,"msg":"Processed: \u001b[35msource/images/quote-r.svg\u001b[39m","time":"2016-09-28T08:21:48.813Z","v":0}
{"name":"hexo","hostname":"colin","pid":60508,"level":20,"msg":"Processed: \u001b[35msource/images/quote-l.svg\u001b[39m","time":"2016-09-28T08:21:48.813Z","v":0}
{"name":"hexo","hostname":"colin","pid":60508,"level":20,"msg":"Processed: \u001b[35msource/images/searchicon.png\u001b[39m","time":"2016-09-28T08:21:48.813Z","v":0}
{"name":"hexo","hostname":"colin","pid":60508,"level":20,"msg":"Processed: \u001b[35m_posts/hello-world.md\u001b[39m","time":"2016-09-28T08:21:48.829Z","v":0}
{"name":"hexo","hostname":"colin","pid":60508,"level":20,"msg":"Processed: \u001b[35mlayout/archive.swig\u001b[39m","time":"2016-09-28T08:21:48.945Z","v":0}
{"name":"hexo","hostname":"colin","pid":60508,"level":20,"msg":"Processed: \u001b[35mlayout/_layout.swig\u001b[39m","time":"2016-09-28T08:21:48.946Z","v":0}
{"name":"hexo","hostname":"colin","pid":60508,"level":20,"msg":"Processed: \u001b[35mlayout/category.swig\u001b[39m","time":"2016-09-28T08:21:48.946Z","v":0}
{"name":"hexo","hostname":"colin","pid":60508,"level":20,"msg":"Processed: \u001b[35mlayout/post.swig\u001b[39m","time":"2016-09-28T08:21:48.946Z","v":0}
{"name":"hexo","hostname":"colin","pid":60508,"level":20,"msg":"Processed: \u001b[35mlayout/index.swig\u001b[39m","time":"2016-09-28T08:21:48.946Z","v":0}
{"name":"hexo","hostname":"colin","pid":60508,"level":20,"msg":"Processed: \u001b[35mlayout/tag.swig\u001b[39m","time":"2016-09-28T08:21:48.946Z","v":0}
{"name":"hexo","hostname":"colin","pid":60508,"level":20,"msg":"Processed: \u001b[35mlayout/page.swig\u001b[39m","time":"2016-09-28T08:21:48.947Z","v":0}
{"name":"hexo","hostname":"colin","pid":60508,"level":20,"msg":"Processed: \u001b[35mlanguages/default.yml\u001b[39m","time":"2016-09-28T08:21:48.955Z","v":0}
{"name":"hexo","hostname":"colin","pid":60508,"level":20,"msg":"Processed: \u001b[35mlanguages/fr-FR.yml\u001b[39m","time":"2016-09-28T08:21:48.956Z","v":0}
{"name":"hexo","hostname":"colin","pid":60508,"level":20,"msg":"Processed: \u001b[35mlanguages/de.yml\u001b[39m","time":"2016-09-28T08:21:48.956Z","v":0}
{"name":"hexo","hostname":"colin","pid":60508,"level":20,"msg":"Processed: \u001b[35mlanguages/id.yml\u001b[39m","time":"2016-09-28T08:21:48.956Z","v":0}
{"name":"hexo","hostname":"colin","pid":60508,"level":20,"msg":"Processed: \u001b[35mlanguages/en.yml\u001b[39m","time":"2016-09-28T08:21:48.956Z","v":0}
{"name":"hexo","hostname":"colin","pid":60508,"level":20,"msg":"Processed: \u001b[35mlanguages/ja.yml\u001b[39m","time":"2016-09-28T08:21:48.956Z","v":0}
{"name":"hexo","hostname":"colin","pid":60508,"level":20,"msg":"Processed: \u001b[35mlanguages/ko.yml\u001b[39m","time":"2016-09-28T08:21:48.957Z","v":0}
{"name":"hexo","hostname":"colin","pid":60508,"level":20,"msg":"Processed: \u001b[35mlanguages/pt-BR.yml\u001b[39m","time":"2016-09-28T08:21:48.957Z","v":0}
{"name":"hexo","hostname":"colin","pid":60508,"level":20,"msg":"Processed: \u001b[35mlanguages/ru.yml\u001b[39m","time":"2016-09-28T08:21:48.958Z","v":0}
{"name":"hexo","hostname":"colin","pid":60508,"level":20,"msg":"Processed: \u001b[35mlanguages/zh-hk.yml\u001b[39m","time":"2016-09-28T08:21:48.958Z","v":0}
{"name":"hexo","hostname":"colin","pid":60508,"level":20,"msg":"Processed: \u001b[35mlanguages/zh-Hans.yml\u001b[39m","time":"2016-09-28T08:21:48.958Z","v":0}
{"name":"hexo","hostname":"colin","pid":60508,"level":20,"msg":"Processed: \u001b[35mlanguages/pt.yml\u001b[39m","time":"2016-09-28T08:21:48.958Z","v":0}
{"name":"hexo","hostname":"colin","pid":60508,"level":20,"msg":"Processed: \u001b[35mlanguages/zh-tw.yml\u001b[39m","time":"2016-09-28T08:21:48.959Z","v":0}
{"name":"hexo","hostname":"colin","pid":60508,"level":20,"msg":"Processed: \u001b[35msource/vendors/font-awesome/HELP-US-OUT.txt\u001b[39m","time":"2016-09-28T08:21:48.963Z","v":0}
{"name":"hexo","hostname":"colin","pid":60508,"level":20,"msg":"Processed: \u001b[35msource/vendors/font-awesome/bower.json\u001b[39m","time":"2016-09-28T08:21:48.963Z","v":0}
{"name":"hexo","hostname":"colin","pid":60508,"level":20,"msg":"Processed: \u001b[35msource/vendors/fastclick/LICENSE\u001b[39m","time":"2016-09-28T08:21:48.964Z","v":0}
{"name":"hexo","hostname":"colin","pid":60508,"level":20,"msg":"Processed: \u001b[35msource/vendors/fastclick/README.md\u001b[39m","time":"2016-09-28T08:21:48.965Z","v":0}
{"name":"hexo","hostname":"colin","pid":60508,"level":20,"msg":"Processed: \u001b[35msource/vendors/fastclick/bower.json\u001b[39m","time":"2016-09-28T08:21:48.967Z","v":0}
{"name":"hexo","hostname":"colin","pid":60508,"level":20,"msg":"Processed: \u001b[35msource/vendors/jquery_lazyload/bower.json\u001b[39m","time":"2016-09-28T08:21:48.967Z","v":0}
{"name":"hexo","hostname":"colin","pid":60508,"level":20,"msg":"Processed: \u001b[35msource/vendors/jquery_lazyload/CONTRIBUTING.md\u001b[39m","time":"2016-09-28T08:21:48.968Z","v":0}
{"name":"hexo","hostname":"colin","pid":60508,"level":20,"msg":"Processed: \u001b[35msource/vendors/jquery_lazyload/README.md\u001b[39m","time":"2016-09-28T08:21:48.968Z","v":0}
{"name":"hexo","hostname":"colin","pid":60508,"level":20,"msg":"Processed: \u001b[35msource/vendors/jquery_lazyload/jquery.scrollstop.js\u001b[39m","time":"2016-09-28T08:21:48.969Z","v":0}
{"name":"hexo","hostname":"colin","pid":60508,"level":20,"msg":"Processed: \u001b[35msource/vendors/jquery_lazyload/jquery.lazyload.js\u001b[39m","time":"2016-09-28T08:21:48.969Z","v":0}
{"name":"hexo","hostname":"colin","pid":60508,"level":20,"msg":"Processed: \u001b[35msource/vendors/velocity/bower.json\u001b[39m","time":"2016-09-28T08:21:48.969Z","v":0}
{"name":"hexo","hostname":"colin","pid":60508,"level":20,"msg":"Processed: \u001b[35msource/vendors/velocity/velocity.min.js\u001b[39m","time":"2016-09-28T08:21:48.970Z","v":0}
{"name":"hexo","hostname":"colin","pid":60508,"level":20,"msg":"Processed: \u001b[35msource/js/src/affix.js\u001b[39m","time":"2016-09-28T08:21:48.971Z","v":0}
{"name":"hexo","hostname":"colin","pid":60508,"level":20,"msg":"Processed: \u001b[35msource/vendors/velocity/velocity.ui.min.js\u001b[39m","time":"2016-09-28T08:21:48.972Z","v":0}
{"name":"hexo","hostname":"colin","pid":60508,"level":20,"msg":"Processed: \u001b[35msource/js/src/bootstrap.js\u001b[39m","time":"2016-09-28T08:21:48.972Z","v":0}
{"name":"hexo","hostname":"colin","pid":60508,"level":20,"msg":"Processed: \u001b[35msource/vendors/velocity/velocity.ui.js\u001b[39m","time":"2016-09-28T08:21:48.973Z","v":0}
{"name":"hexo","hostname":"colin","pid":60508,"level":20,"msg":"Processed: \u001b[35msource/js/src/hook-duoshuo.js\u001b[39m","time":"2016-09-28T08:21:48.973Z","v":0}
{"name":"hexo","hostname":"colin","pid":60508,"level":20,"msg":"Processed: \u001b[35msource/js/src/motion.js\u001b[39m","time":"2016-09-28T08:21:48.974Z","v":0}
{"name":"hexo","hostname":"colin","pid":60508,"level":20,"msg":"Processed: \u001b[35msource/js/src/post-details.js\u001b[39m","time":"2016-09-28T08:21:48.974Z","v":0}
{"name":"hexo","hostname":"colin","pid":60508,"level":20,"msg":"Processed: \u001b[35msource/js/src/utils.js\u001b[39m","time":"2016-09-28T08:21:48.974Z","v":0}
{"name":"hexo","hostname":"colin","pid":60508,"level":20,"msg":"Processed: \u001b[35msource/js/src/scrollspy.js\u001b[39m","time":"2016-09-28T08:21:48.975Z","v":0}
{"name":"hexo","hostname":"colin","pid":60508,"level":20,"msg":"Processed: \u001b[35msource/vendors/jquery/index.js\u001b[39m","time":"2016-09-28T08:21:48.991Z","v":0}
{"name":"hexo","hostname":"colin","pid":60508,"level":20,"msg":"Processed: \u001b[35mlayout/_macro/post-collapse.swig\u001b[39m","time":"2016-09-28T08:21:49.017Z","v":0}
{"name":"hexo","hostname":"colin","pid":60508,"level":20,"msg":"Processed: \u001b[35mlayout/_macro/post.swig\u001b[39m","time":"2016-09-28T08:21:49.017Z","v":0}
{"name":"hexo","hostname":"colin","pid":60508,"level":20,"msg":"Processed: \u001b[35mlayout/_macro/wechat-subscriber.swig\u001b[39m","time":"2016-09-28T08:21:49.017Z","v":0}
{"name":"hexo","hostname":"colin","pid":60508,"level":20,"msg":"Processed: \u001b[35mlayout/_macro/reward.swig\u001b[39m","time":"2016-09-28T08:21:49.017Z","v":0}
{"name":"hexo","hostname":"colin","pid":60508,"level":20,"msg":"Processed: \u001b[35mlayout/_partials/comments.swig\u001b[39m","time":"2016-09-28T08:21:49.018Z","v":0}
{"name":"hexo","hostname":"colin","pid":60508,"level":20,"msg":"Processed: \u001b[35mlayout/_partials/footer.swig\u001b[39m","time":"2016-09-28T08:21:49.018Z","v":0}
{"name":"hexo","hostname":"colin","pid":60508,"level":20,"msg":"Processed: \u001b[35mlayout/_macro/sidebar.swig\u001b[39m","time":"2016-09-28T08:21:49.018Z","v":0}
{"name":"hexo","hostname":"colin","pid":60508,"level":20,"msg":"Processed: \u001b[35mlayout/_partials/head.swig\u001b[39m","time":"2016-09-28T08:21:49.018Z","v":0}
{"name":"hexo","hostname":"colin","pid":60508,"level":20,"msg":"Processed: \u001b[35mlayout/_partials/header.swig\u001b[39m","time":"2016-09-28T08:21:49.018Z","v":0}
{"name":"hexo","hostname":"colin","pid":60508,"level":20,"msg":"Processed: \u001b[35mlayout/_partials/duoshuo-hot-articles.swig\u001b[39m","time":"2016-09-28T08:21:49.019Z","v":0}
{"name":"hexo","hostname":"colin","pid":60508,"level":20,"msg":"Processed: \u001b[35mlayout/_partials/search.swig\u001b[39m","time":"2016-09-28T08:21:49.019Z","v":0}
{"name":"hexo","hostname":"colin","pid":60508,"level":20,"msg":"Processed: \u001b[35mlayout/_scripts/baidu-push.swig\u001b[39m","time":"2016-09-28T08:21:49.019Z","v":0}
{"name":"hexo","hostname":"colin","pid":60508,"level":20,"msg":"Processed: \u001b[35mlayout/_partials/pagination.swig\u001b[39m","time":"2016-09-28T08:21:49.019Z","v":0}
{"name":"hexo","hostname":"colin","pid":60508,"level":20,"msg":"Processed: \u001b[35mlayout/_scripts/commons.swig\u001b[39m","time":"2016-09-28T08:21:49.019Z","v":0}
{"name":"hexo","hostname":"colin","pid":60508,"level":20,"msg":"Processed: \u001b[35mlayout/_scripts/boostrap.swig\u001b[39m","time":"2016-09-28T08:21:49.020Z","v":0}
{"name":"hexo","hostname":"colin","pid":60508,"level":20,"msg":"Processed: \u001b[35mlayout/_scripts/vendors.swig\u001b[39m","time":"2016-09-28T08:21:49.020Z","v":0}
{"name":"hexo","hostname":"colin","pid":60508,"level":20,"msg":"Processed: \u001b[35msource/vendors/fancybox/source/blank.gif\u001b[39m","time":"2016-09-28T08:21:49.022Z","v":0}
{"name":"hexo","hostname":"colin","pid":60508,"level":20,"msg":"Processed: \u001b[35msource/vendors/fancybox/source/fancybox_loading.gif\u001b[39m","time":"2016-09-28T08:21:49.022Z","v":0}
{"name":"hexo","hostname":"colin","pid":60508,"level":20,"msg":"Processed: \u001b[35msource/vendors/fancybox/source/fancybox_loading@2x.gif\u001b[39m","time":"2016-09-28T08:21:49.023Z","v":0}
{"name":"hexo","hostname":"colin","pid":60508,"level":20,"msg":"Processed: \u001b[35msource/vendors/fancybox/source/fancybox_overlay.png\u001b[39m","time":"2016-09-28T08:21:49.023Z","v":0}
{"name":"hexo","hostname":"colin","pid":60508,"level":20,"msg":"Processed: \u001b[35msource/vendors/fancybox/source/fancybox_sprite.png\u001b[39m","time":"2016-09-28T08:21:49.023Z","v":0}
{"name":"hexo","hostname":"colin","pid":60508,"level":20,"msg":"Processed: \u001b[35msource/vendors/fancybox/source/fancybox_sprite@2x.png\u001b[39m","time":"2016-09-28T08:21:49.024Z","v":0}
{"name":"hexo","hostname":"colin","pid":60508,"level":20,"msg":"Processed: \u001b[35msource/vendors/fancybox/source/jquery.fancybox.js\u001b[39m","time":"2016-09-28T08:21:49.024Z","v":0}
{"name":"hexo","hostname":"colin","pid":60508,"level":20,"msg":"Processed: \u001b[35msource/vendors/fancybox/source/jquery.fancybox.pack.js\u001b[39m","time":"2016-09-28T08:21:49.024Z","v":0}
{"name":"hexo","hostname":"colin","pid":60508,"level":20,"msg":"Processed: \u001b[35msource/vendors/fancybox/source/jquery.fancybox.css\u001b[39m","time":"2016-09-28T08:21:49.025Z","v":0}
{"name":"hexo","hostname":"colin","pid":60508,"level":20,"msg":"Processed: \u001b[35msource/vendors/font-awesome/fonts/fontawesome-webfont.woff2\u001b[39m","time":"2016-09-28T08:21:49.025Z","v":0}
{"name":"hexo","hostname":"colin","pid":60508,"level":20,"msg":"Processed: \u001b[35msource/vendors/font-awesome/css/font-awesome.css\u001b[39m","time":"2016-09-28T08:21:49.026Z","v":0}
{"name":"hexo","hostname":"colin","pid":60508,"level":20,"msg":"Processed: \u001b[35msource/vendors/font-awesome/css/font-awesome.css.map\u001b[39m","time":"2016-09-28T08:21:49.026Z","v":0}
{"name":"hexo","hostname":"colin","pid":60508,"level":20,"msg":"Processed: \u001b[35msource/vendors/font-awesome/css/font-awesome.min.css\u001b[39m","time":"2016-09-28T08:21:49.026Z","v":0}
{"name":"hexo","hostname":"colin","pid":60508,"level":20,"msg":"Processed: \u001b[35msource/vendors/fastclick/lib/fastclick.js\u001b[39m","time":"2016-09-28T08:21:49.027Z","v":0}
{"name":"hexo","hostname":"colin","pid":60508,"level":20,"msg":"Processed: \u001b[35msource/vendors/fastclick/lib/fastclick.min.js\u001b[39m","time":"2016-09-28T08:21:49.027Z","v":0}
{"name":"hexo","hostname":"colin","pid":60508,"level":20,"msg":"Processed: \u001b[35msource/vendors/ua-parser-js/dist/ua-parser.pack.js\u001b[39m","time":"2016-09-28T08:21:49.027Z","v":0}
{"name":"hexo","hostname":"colin","pid":60508,"level":20,"msg":"Processed: \u001b[35msource/vendors/ua-parser-js/dist/ua-parser.min.js\u001b[39m","time":"2016-09-28T08:21:49.028Z","v":0}
{"name":"hexo","hostname":"colin","pid":60508,"level":20,"msg":"Processed: \u001b[35msource/js/src/schemes/pisces.js\u001b[39m","time":"2016-09-28T08:21:49.028Z","v":0}
{"name":"hexo","hostname":"colin","pid":60508,"level":20,"msg":"Processed: \u001b[35mlayout/_scripts/schemes/mist.swig\u001b[39m","time":"2016-09-28T08:21:49.033Z","v":0}
{"name":"hexo","hostname":"colin","pid":60508,"level":20,"msg":"Processed: \u001b[35mlayout/_scripts/schemes/muse.swig\u001b[39m","time":"2016-09-28T08:21:49.033Z","v":0}
{"name":"hexo","hostname":"colin","pid":60508,"level":20,"msg":"Processed: \u001b[35msource/vendors/font-awesome/fonts/fontawesome-webfont.eot\u001b[39m","time":"2016-09-28T08:21:49.034Z","v":0}
{"name":"hexo","hostname":"colin","pid":60508,"level":20,"msg":"Processed: \u001b[35msource/vendors/font-awesome/fonts/FontAwesome.otf\u001b[39m","time":"2016-09-28T08:21:49.034Z","v":0}
{"name":"hexo","hostname":"colin","pid":60508,"level":20,"msg":"Processed: \u001b[35msource/vendors/font-awesome/fonts/fontawesome-webfont.woff\u001b[39m","time":"2016-09-28T08:21:49.035Z","v":0}
{"name":"hexo","hostname":"colin","pid":60508,"level":20,"msg":"Processed: \u001b[35msource/vendors/velocity/velocity.js\u001b[39m","time":"2016-09-28T08:21:49.035Z","v":0}
{"name":"hexo","hostname":"colin","pid":60508,"level":20,"msg":"Processed: \u001b[35mlayout/_partials/search/localsearch.swig\u001b[39m","time":"2016-09-28T08:21:49.043Z","v":0}
{"name":"hexo","hostname":"colin","pid":60508,"level":20,"msg":"Processed: \u001b[35mlayout/_partials/search/tinysou.swig\u001b[39m","time":"2016-09-28T08:21:49.044Z","v":0}
{"name":"hexo","hostname":"colin","pid":60508,"level":20,"msg":"Processed: \u001b[35mlayout/_partials/head/external-fonts.swig\u001b[39m","time":"2016-09-28T08:21:49.044Z","v":0}
{"name":"hexo","hostname":"colin","pid":60508,"level":20,"msg":"Processed: \u001b[35mlayout/_partials/share/baidushare.swig\u001b[39m","time":"2016-09-28T08:21:49.044Z","v":0}
{"name":"hexo","hostname":"colin","pid":60508,"level":20,"msg":"Processed: \u001b[35mlayout/_partials/share/add-this.swig\u001b[39m","time":"2016-09-28T08:21:49.044Z","v":0}
{"name":"hexo","hostname":"colin","pid":60508,"level":20,"msg":"Processed: \u001b[35mlayout/_partials/search/swiftype.swig\u001b[39m","time":"2016-09-28T08:21:49.044Z","v":0}
{"name":"hexo","hostname":"colin","pid":60508,"level":20,"msg":"Processed: \u001b[35mlayout/_partials/share/jiathis.swig\u001b[39m","time":"2016-09-28T08:21:49.045Z","v":0}
{"name":"hexo","hostname":"colin","pid":60508,"level":20,"msg":"Processed: \u001b[35mlayout/_partials/share/duoshuo_share.swig\u001b[39m","time":"2016-09-28T08:21:49.045Z","v":0}
{"name":"hexo","hostname":"colin","pid":60508,"level":20,"msg":"Processed: \u001b[35mlayout/_scripts/schemes/pisces.swig\u001b[39m","time":"2016-09-28T08:21:49.045Z","v":0}
{"name":"hexo","hostname":"colin","pid":60508,"level":20,"msg":"Processed: \u001b[35mlayout/_scripts/pages/post-details.swig\u001b[39m","time":"2016-09-28T08:21:49.046Z","v":0}
{"name":"hexo","hostname":"colin","pid":60508,"level":20,"msg":"Processed: \u001b[35mlayout/_scripts/third-party/analytics.swig\u001b[39m","time":"2016-09-28T08:21:49.046Z","v":0}
{"name":"hexo","hostname":"colin","pid":60508,"level":20,"msg":"Processed: \u001b[35mlayout/_scripts/third-party/comments.swig\u001b[39m","time":"2016-09-28T08:21:49.046Z","v":0}
{"name":"hexo","hostname":"colin","pid":60508,"level":20,"msg":"Processed: \u001b[35mlayout/_scripts/third-party/lean-analytics.swig\u001b[39m","time":"2016-09-28T08:21:49.046Z","v":0}
{"name":"hexo","hostname":"colin","pid":60508,"level":20,"msg":"Processed: \u001b[35mlayout/_scripts/third-party/tinysou.swig\u001b[39m","time":"2016-09-28T08:21:49.047Z","v":0}
{"name":"hexo","hostname":"colin","pid":60508,"level":20,"msg":"Processed: \u001b[35mlayout/_scripts/third-party/mathjax.swig\u001b[39m","time":"2016-09-28T08:21:49.047Z","v":0}
{"name":"hexo","hostname":"colin","pid":60508,"level":20,"msg":"Processed: \u001b[35mlayout/_scripts/third-party/localsearch.swig\u001b[39m","time":"2016-09-28T08:21:49.048Z","v":0}
{"name":"hexo","hostname":"colin","pid":60508,"level":20,"msg":"Processed: \u001b[35msource/vendors/fancybox/source/helpers/fancybox_buttons.png\u001b[39m","time":"2016-09-28T08:21:49.051Z","v":0}
{"name":"hexo","hostname":"colin","pid":60508,"level":20,"msg":"Processed: \u001b[35msource/vendors/fancybox/source/helpers/jquery.fancybox-buttons.css\u001b[39m","time":"2016-09-28T08:21:49.052Z","v":0}
{"name":"hexo","hostname":"colin","pid":60508,"level":20,"msg":"Processed: \u001b[35msource/vendors/fancybox/source/helpers/jquery.fancybox-media.js\u001b[39m","time":"2016-09-28T08:21:49.052Z","v":0}
{"name":"hexo","hostname":"colin","pid":60508,"level":20,"msg":"Processed: \u001b[35msource/vendors/fancybox/source/helpers/jquery.fancybox-buttons.js\u001b[39m","time":"2016-09-28T08:21:49.053Z","v":0}
{"name":"hexo","hostname":"colin","pid":60508,"level":20,"msg":"Processed: \u001b[35msource/vendors/fancybox/source/helpers/jquery.fancybox-thumbs.css\u001b[39m","time":"2016-09-28T08:21:49.053Z","v":0}
{"name":"hexo","hostname":"colin","pid":60508,"level":20,"msg":"Processed: \u001b[35msource/vendors/fancybox/source/helpers/jquery.fancybox-thumbs.js\u001b[39m","time":"2016-09-28T08:21:49.054Z","v":0}
{"name":"hexo","hostname":"colin","pid":60508,"level":20,"msg":"Processed: \u001b[35msource/vendors/font-awesome/fonts/fontawesome-webfont.ttf\u001b[39m","time":"2016-09-28T08:21:49.054Z","v":0}
{"name":"hexo","hostname":"colin","pid":60508,"level":20,"msg":"Processed: \u001b[35mlayout/_scripts/third-party/analytics/cnzz-analytics.swig\u001b[39m","time":"2016-09-28T08:21:49.059Z","v":0}
{"name":"hexo","hostname":"colin","pid":60508,"level":20,"msg":"Processed: \u001b[35mlayout/_scripts/third-party/analytics/facebook-sdk.swig\u001b[39m","time":"2016-09-28T08:21:49.059Z","v":0}
{"name":"hexo","hostname":"colin","pid":60508,"level":20,"msg":"Processed: \u001b[35mlayout/_scripts/third-party/analytics/busuanzi-counter.swig\u001b[39m","time":"2016-09-28T08:21:49.059Z","v":0}
{"name":"hexo","hostname":"colin","pid":60508,"level":20,"msg":"Processed: \u001b[35mlayout/_scripts/third-party/analytics/google-analytics.swig\u001b[39m","time":"2016-09-28T08:21:49.059Z","v":0}
{"name":"hexo","hostname":"colin","pid":60508,"level":20,"msg":"Processed: \u001b[35mlayout/_scripts/third-party/analytics/baidu-analytics.swig\u001b[39m","time":"2016-09-28T08:21:49.059Z","v":0}
{"name":"hexo","hostname":"colin","pid":60508,"level":20,"msg":"Processed: \u001b[35mlayout/_scripts/third-party/comments/disqus.swig\u001b[39m","time":"2016-09-28T08:21:49.060Z","v":0}
{"name":"hexo","hostname":"colin","pid":60508,"level":20,"msg":"Processed: \u001b[35mlayout/_scripts/third-party/comments/duoshuo.swig\u001b[39m","time":"2016-09-28T08:21:49.060Z","v":0}
{"name":"hexo","hostname":"colin","pid":60508,"level":20,"msg":"Processed: \u001b[35mlayout/_scripts/third-party/analytics/tencent-analytics.swig\u001b[39m","time":"2016-09-28T08:21:49.060Z","v":0}
{"name":"hexo","hostname":"colin","pid":60508,"level":20,"msg":"Processed: \u001b[35msource/vendors/font-awesome/fonts/fontawesome-webfont.svg\u001b[39m","time":"2016-09-28T08:21:49.061Z","v":0}
{"name":"hexo","hostname":"colin","pid":60508,"level":20,"msg":"Generator: \u001b[35mpage\u001b[39m","time":"2016-09-28T08:21:49.360Z","v":0}
{"name":"hexo","hostname":"colin","pid":60508,"level":20,"msg":"Generator: \u001b[35mpost\u001b[39m","time":"2016-09-28T08:21:49.360Z","v":0}
{"name":"hexo","hostname":"colin","pid":60508,"level":20,"msg":"Generator: \u001b[35marchive\u001b[39m","time":"2016-09-28T08:21:49.361Z","v":0}
{"name":"hexo","hostname":"colin","pid":60508,"level":20,"msg":"Generator: \u001b[35mtag\u001b[39m","time":"2016-09-28T08:21:49.361Z","v":0}
{"name":"hexo","hostname":"colin","pid":60508,"level":20,"msg":"Generator: \u001b[35mcategory\u001b[39m","time":"2016-09-28T08:21:49.361Z","v":0}
{"name":"hexo","hostname":"colin","pid":60508,"level":20,"msg":"Generator: \u001b[35mindex\u001b[39m","time":"2016-09-28T08:21:49.361Z","v":0}
{"name":"hexo","hostname":"colin","pid":60508,"level":20,"msg":"Generator: \u001b[35masset\u001b[39m","time":"2016-09-28T08:21:49.362Z","v":0}
{"name":"hexo","hostname":"colin","pid":60508,"level":30,"msg":"Hexo is running at \u001b[4mhttp://localhost:4000/\u001b[24m. Press Ctrl+C to stop.","time":"2016-09-28T08:21:49.366Z","v":0}
{"name":"hexo","hostname":"colin","pid":60508,"level":20,"msg":"Database saved","time":"2016-09-28T08:21:49.377Z","v":0}
{"name":"hexo","hostname":"colin","pid":60508,"level":20,"msg":"Rendering index: \u001b[35mindex.html\u001b[39m","time":"2016-09-28T08:21:54.874Z","v":0}
{"name":"hexo","hostname":"colin","pid":60508,"level":20,"msg":"Theme config loaded.","time":"2016-09-28T08:24:32.007Z","v":0}
{"name":"hexo","hostname":"colin","pid":60508,"level":20,"msg":"Processed: \u001b[35m_config.yml\u001b[39m","time":"2016-09-28T08:24:32.008Z","v":0}
{"name":"hexo","hostname":"colin","pid":60508,"level":20,"msg":"Generator: \u001b[35mpage\u001b[39m","time":"2016-09-28T08:24:32.114Z","v":0}
{"name":"hexo","hostname":"colin","pid":60508,"level":20,"msg":"Generator: \u001b[35mpost\u001b[39m","time":"2016-09-28T08:24:32.115Z","v":0}
{"name":"hexo","hostname":"colin","pid":60508,"level":20,"msg":"Generator: \u001b[35marchive\u001b[39m","time":"2016-09-28T08:24:32.115Z","v":0}
{"name":"hexo","hostname":"colin","pid":60508,"level":20,"msg":"Generator: \u001b[35mtag\u001b[39m","time":"2016-09-28T08:24:32.115Z","v":0}
{"name":"hexo","hostname":"colin","pid":60508,"level":20,"msg":"Generator: \u001b[35mcategory\u001b[39m","time":"2016-09-28T08:24:32.115Z","v":0}
{"name":"hexo","hostname":"colin","pid":60508,"level":20,"msg":"Generator: \u001b[35mindex\u001b[39m","time":"2016-09-28T08:24:32.116Z","v":0}
{"name":"hexo","hostname":"colin","pid":60508,"level":20,"msg":"Generator: \u001b[35masset\u001b[39m","time":"2016-09-28T08:24:32.117Z","v":0}
{"name":"hexo","hostname":"colin","pid":60508,"level":30,"msg":"Good bye","time":"2016-09-28T08:24:33.848Z","v":0}
{"name":"hexo","hostname":"colin","pid":60508,"level":20,"msg":"Database saved","time":"2016-09-28T08:24:33.857Z","v":0}
